mode: set
github.com/gonzalogarahuetes/bookings-go/cmd/web/main.go:22.13,24.16 2 0
github.com/gonzalogarahuetes/bookings-go/cmd/web/main.go:24.16,26.3 1 0
github.com/gonzalogarahuetes/bookings-go/cmd/web/main.go:28.2,36.16 4 0
github.com/gonzalogarahuetes/bookings-go/cmd/web/main.go:39.18,54.16 10 1
github.com/gonzalogarahuetes/bookings-go/cmd/web/main.go:54.16,57.3 2 0
github.com/gonzalogarahuetes/bookings-go/cmd/web/main.go:59.2,66.12 6 1
github.com/gonzalogarahuetes/bookings-go/cmd/web/middleware.go:10.45,21.2 3 1
github.com/gonzalogarahuetes/bookings-go/cmd/web/middleware.go:24.50,26.2 1 1
github.com/gonzalogarahuetes/bookings-go/cmd/web/routes.go:12.49,37.2 18 1
